[2026-07-13T15:50:42.685Z] GET http://localhost:3941/ → pending (?ms, ?B)
[2026-07-13T15:50:45.888Z] GET http://localhost:3941/_next/static/css/app/%5Blocale%5D/layout.css?v=1783957845661 → 200 (6ms, 247332B)
[2026-07-13T15:50:45.888Z] GET http://localhost:3941/se3_logo.svg → 200 (6ms, 6326B)
[2026-07-13T15:50:45.888Z] GET http://localhost:3941/se3_logo_title_flat.svg → 200 (23ms, 19846B)
[2026-07-13T15:50:45.888Z] GET http://localhost:3941/se3_logo_title.svg → 200 (23ms, 19815B)
[2026-07-13T15:50:45.888Z] GET http://localhost:3941/_next/static/css/app/%5Blocale%5D/page.css?v=1783957845661 → 200 (6ms, 25644B)
[2026-07-13T15:50:45.888Z] GET http://localhost:3941/_next/static/chunks/webpack.js?v=1783957845661 → 200 (54ms, 142956B)
[2026-07-13T15:50:45.888Z] GET http://localhost:3941/_next/static/chunks/main-app.js?v=1783957845661 → 200 (170ms, ?B)
[2026-07-13T15:50:45.888Z] GET http://localhost:3941/_next/static/chunks/app-pages-internals.js → 200 (55ms, 250461B)
[2026-07-13T15:50:45.888Z] GET http://localhost:3941/_next/static/chunks/app/%5Blocale%5D/page.js → 200 (170ms, ?B)
[2026-07-13T15:50:45.888Z] GET http://localhost:3941/_next/static/chunks/app/%5Blocale%5D/layout.js → 200 (68ms, 2646817B)
[2026-07-13T15:50:45.889Z] GET https://www.googletagmanager.com/gtag/js?id=G-46DGRE73QC → pending (?ms, ?B)
[2026-07-13T15:50:45.889Z] GET https://pagead2.googlesyndication.com/pagead/js/adsbygoogle.js?client=ca-pub-6933506635175446 → pending (?ms, ?B)
[2026-07-13T15:50:45.940Z] GET http://localhost:3941/_next/static/media/us.ed9e9dcf.svg → 200 (1ms, 648B)
[2026-07-13T15:50:45.940Z] GET http://localhost:3941/logos/html.svg → 200 (4ms, 480B)
[2026-07-13T15:50:45.941Z] GET http://localhost:3941/logos/js.svg → 200 (3ms, 549B)
[2026-07-13T15:50:45.941Z] GET http://localhost:3941/logos/react.svg → 200 (5ms, 2626B)
[2026-07-13T15:50:45.941Z] GET http://localhost:3941/logos/vue.svg → 200 (5ms, 378B)
[2026-07-13T15:50:45.941Z] GET http://localhost:3941/logos/angular.svg → 200 (14ms, 505B)
[2026-07-13T15:50:45.941Z] GET http://localhost:3941/logos/svelte.svg → 200 (14ms, 1733B)
[2026-07-13T15:50:45.941Z] GET http://localhost:3941/logos/web-components.svg → 200 (14ms, 1836B)
[2026-07-13T15:50:46.552Z] GET http://localhost:3941/_next/static/chunks/_app-pages-browser_src_components_layout_theme-toggle_tsx.js → 200 (?ms, 13179B)
[2026-07-13T15:50:46.552Z] GET https://pagead2.googlesyndication.com/pagead/managed/js/adsense/m202607090101/show_ads_impl.js?bust=31099655 → pending (?ms, ?B)
[2026-07-13T15:50:46.561Z] POST https://www.google-analytics.com/g/collect?v=2&tid=G-46DGRE73QC&gtm=45je6781v9248880651za200zd9248880651&_p=1783957846500&gcd=13l3l3l3l1l1&npa=0&dma=0&_eu=AAAAAAAC&are=1&cid=605138808.1783957847&frm=0&pscdl=noapi&rcb=2&sr=1280x720&uaa=arm&uab=64&uafvl=HeadlessChrome%3B149.0.7827.55%7CChromium%3B149.0.7827.55%7CNot)A%253BBrand%3B24.0.0.0&uam=&uamb=0&uap=macOS&uapv=26.5.2&uaw=0&ul=en-us&_s=1&tag_exp=115938466~115938468~118012007~118395335~118826209~118897920~118897930~119027224&sid=1783957846&sct=1&seg=0&dl=http%3A%2F%2Flocalhost%2F&dt=SunEditor%20%E2%80%94%20Lightweight%20WYSIWYG%20Editor&en=page_view&_fv=1&_nsi=1&_ss=1&_ee=1&tfd=3876 → 204 (271ms, ?B)
[2026-07-13T15:50:46.596Z] GET http://localhost:3941/_next/static/chunks/_app-pages-browser_src_app_locale_plugin-guide__examples_embed_ts.js → 200 (235ms, ?B)
[2026-07-13T15:50:46.597Z] GET http://localhost:3941/_next/static/chunks/_app-pages-browser_node_modules_shiki_dist_index_mjs.js → 200 (33ms, 1522282B)
[2026-07-13T15:50:46.597Z] GET https://va.vercel-scripts.com/v1/script.debug.js → 200 (105ms, 2997B)
[2026-07-13T15:50:46.597Z] GET https://va.vercel-scripts.com/v1/speed-insights/script.debug.js → 200 (105ms, 12682B)
[2026-07-13T15:50:46.597Z] GET http://localhost:3941/_next/static/chunks/_app-pages-browser_src_components_editor__editor_tsx.js → 200 (233ms, 6400436B)
[2026-07-13T15:50:46.599Z] GET http://localhost:3941/_next/static/css/_app-pages-browser_src_components_editor__editor_tsx.css → 200 (6ms, 171792B)
[2026-07-13T15:50:46.642Z] GET http://localhost:3941/_next/static/chunks/_app-pages-browser_node_modules_shiki_dist_wasm_mjs.js → 200 (64ms, 1456403B)
[2026-07-13T15:50:46.642Z] GET http://localhost:3941/_next/static/chunks/_app-pages-browser_node_modules_shikijs_themes_dist_github-light_mjs.js → 200 (61ms, 38522B)
[2026-07-13T15:50:46.642Z] GET http://localhost:3941/_next/static/chunks/_app-pages-browser_node_modules_shikijs_themes_dist_github-dark_mjs.js → 200 (61ms, 39136B)
[2026-07-13T15:50:46.642Z] GET http://localhost:3941/_next/static/chunks/_app-pages-browser_node_modules_shikijs_langs_dist_javascript_mjs.js → 200 (61ms, 593460B)
[2026-07-13T15:50:46.642Z] GET http://localhost:3941/_next/static/chunks/_app-pages-browser_node_modules_shikijs_langs_dist_html_mjs.js → 200 (61ms, 928316B)
[2026-07-13T15:50:46.642Z] GET http://localhost:3941/_next/static/chunks/_app-pages-browser_node_modules_shikijs_langs_dist_jsx_mjs.js → 200 (61ms, 600267B)
[2026-07-13T15:50:46.642Z] GET http://localhost:3941/_next/static/chunks/_app-pages-browser_node_modules_shikijs_langs_dist_vue_mjs.js → 200 (64ms, 1657262B)
[2026-07-13T15:50:46.642Z] GET http://localhost:3941/_next/static/chunks/_app-pages-browser_node_modules_shikijs_langs_dist_typescript_mjs.js → 200 (62ms, 615096B)
[2026-07-13T15:50:46.642Z] GET http://localhost:3941/_next/static/chunks/_app-pages-browser_node_modules_shikijs_langs_dist_shellscript_mjs.js → 200 (62ms, 145109B)
[2026-07-13T15:50:46.642Z] GET http://localhost:3941/_next/static/chunks/_app-pages-browser_node_modules_shikijs_langs_dist_css_mjs.js → 200 (62ms, 151801B)
[2026-07-13T15:50:46.642Z] GET http://localhost:3941/_next/static/chunks/_app-pages-browser_node_modules_shikijs_langs_dist_svelte_mjs.js → 200 (188ms, 1449294B)
[2026-07-13T15:50:46.643Z] GET http://localhost:3941/_next/static/chunks/_app-pages-browser_node_modules_shikijs_langs_dist_json_mjs.js → 200 (62ms, 12291B)
[2026-07-13T15:50:46.643Z] GET http://localhost:3941/_next/static/chunks/_app-pages-browser_node_modules_shikijs_langs_dist_diff_mjs.js → 200 (62ms, 11195B)
[2026-07-13T15:50:46.643Z] GET http://localhost:3941/_next/static/chunks/_app-pages-browser_node_modules_shikijs_langs_dist_markdown_mjs.js → 200 (63ms, 212522B)
[2026-07-13T15:50:46.643Z] GET http://localhost:3941/_next/static/chunks/_app-pages-browser_node_modules_shikijs_langs_dist_yaml_mjs.js → 200 (63ms, 39559B)
[2026-07-13T15:50:46.643Z] GET http://localhost:3941/_next/static/chunks/_app-pages-browser_node_modules_shikijs_langs_dist_scss_mjs.js → 200 (125ms, 251271B)
[2026-07-13T15:50:47.411Z] GET https://googleads.g.doubleclick.net/pagead/html/r20260709/r20190131/zrt_lookup.html → 200 (198ms, 9810B)
[2026-07-13T15:50:47.411Z] GET https://googleads.g.doubleclick.net/pagead/ads?client=ca-pub-6933506635175446&output=html&adk=1812271804&adf=3025194257&abgtt=6&lmt=1783957847&plat=3%3A16%2C4%3A16%2C9%3A32776%2C16%3A8388608%2C17%3A32%2C24%3A32%2C25%3A32%2C30%3A1081344%2C32%3A32%2C41%3A32%2C42%3A32%2C43%3A32%2C44%3A32&format=0x0&url=http%3A%2F%2Flocalhost%3A3941%2F&pra=5&asro=0&aimartd=4&aieuf=1&aicrs=1&uach=WyJtYWNPUyIsIjI2LjUuMiIsImFybSIsIiIsIjE0OS4wLjc4MjcuNTUiLG51bGwsMCxudWxsLCI2NCIsW1siSGVhZGxlc3NDaHJvbWUiLCIxNDkuMC43ODI3LjU1Il0sWyJDaHJvbWl1bSIsIjE0OS4wLjc4MjcuNTUiXSxbIk5vdClBO0JyYW5kIiwiMjQuMC4wLjAiXV0sMF0.&dt=1783957846543&bpp=1&bdt=659&idt=840&shv=r20260709&mjsv=m202607090101&ptt=9&saldr=aa&abxe=1&cookie_enabled=1&eoidce=1&nras=1&correlator=8538652507432&frm=20&pv=2&u_tz=540&u_his=2&u_h=720&u_w=1280&u_ah=720&u_aw=1280&u_cd=24&u_sd=1&dmc=32&adx=-12245933&ady=-12245933&biw=1280&bih=720&scr_x=0&scr_y=0&eid=31099679%2C31099655%2C95340253%2C95340255&oid=2&pvsid=2124559566514842&tmod=1061398660&uas=3&nvt=1&fsapi=1&fc=1920&brdim=0%2C0%2C0%2C0%2C1280%2C0%2C1280%2C720%2C1280%2C720&vis=1&rsz=%7C%7Cs%7C&abl=NS&fu=32768&bc=31&bz=1&pgls=CAk.&ifi=1&uci=a!1&fsb=1&dtd=863 → 403 (226ms, 603B)
[2026-07-13T15:50:47.411Z] GET https://ep1.adtrafficquality.google/getconfig/sodar?sv=200&tid=gda&tv=r20260709&st=env&sjk=2124559566514842 → 200 (330ms, 17889B)
[2026-07-13T15:50:47.754Z] GET https://ep2.adtrafficquality.google/sodar/sodar2.js → 200 (288ms, 21546B)
[2026-07-13T15:50:48.044Z] GET https://ep2.adtrafficquality.google/sodar/sodar2/255/runner.html → 200 (82ms, 14627B)
[2026-07-13T15:50:48.044Z] GET https://www.google.com/recaptcha/api2/aframe → pending (?ms, ?B)
[2026-07-13T15:50:48.132Z] GET https://pagead2.googlesyndication.com/bg/pUSpZ6osSYx2wjhfqanSI4Ydoc0Oi8xhccBfNfVId4U.js → 200 (91ms, 58216B)
[2026-07-13T15:50:48.922Z] GET https://ep2.adtrafficquality.google/generate_204?EzpU6w → 204 (1ms, ?B)
[2026-07-13T15:50:48.926Z] GET https://pagead2.googlesyndication.com/pagead/sodar?id=sodar2&v=255&li=gda_r20260709&jk=2124559566514842&rc= → 204 (101ms, ?B)
[2026-07-13T15:50:49.432Z] GET https://ep1.adtrafficquality.google/pagead/sodar?id=sodar2&v=255&t=2&li=gda_r20260709&jk=2124559566514842&bg=!9vWl9ZfNAAZqC91nSgs7AEcBe5WfOO8-DCW3x0R-bIejG7Q1dR_BPZ3-ghZsWfS_dZyN0XaAMC-ZWpW5CvTuMwQ812zPdGlJWHLg6Top4XUhFyMAzbpYbwIAAAK9UgAAAAFoAQd-ADacpSAPGgLQ9kY_Eta3T4qVVMzKQToF9wZNwoHEnBsRobbnGbV--53jby00FJK2yAAiyPQBOycKAPC1QovDyMjqsTZoozbM75UEPRCj2xzncvvw-oJjcRyGBAXGdQIG_Yqe8iupS4ngiuX5MQtE0_hXvMM2JlFDsTTsYnKQ6_HWadV1ZeRP5bKVMnXB1QuW-o8BBT4MCugSPO1qL62w0XzPZhKi2829mT8biUQfwR9ooKcQR0UchFERmUkdFvpEuGls9NIo2WKqgdwjJNtX5g4RxEoyXNjJfhi3RKJxkfY1uAyIo3J7suLoj3hJS4cmWqBTPFmnjgNLDhmiokps58bRsqnyfhVsnm_uo3eiR2vax6taa17FKBomfwLFeoTrBjMilsqgOerau6yZAjIdkobrvj1I93Z4J81kxqWqTF1eeO_1_57vRYbWsxvIE1P4asdTJT5UwGNzN9PQ_3IzdHOjrPa3yxX5byrXswRZxv6ngd1wBlala1bmmc0r0ZKvcK9L6zPKgXMbEV7yKsJmZ9xSufrsbFZZ_j2xumaBPPTyYiu-MYkxGA4iSlzxmH_bBTJTtZGgGzFvfbyzF1jhMNj6NZetFLb9tj8y3xjvosDk4QRfcDy-HeJjNWGKm4ICBEpHf8XoumNkWSBmH9FVQegA7bidQao1NZobCAAyQZwPEnsdAXGGftIIa0QSyYxXCITSjpMZNcT3zLVqQHiJUEq5cRmJGyD2UgrZSKKCCffkIPGAB6LtGWADQRC75JqrBrwngQh6q9opWWqB0xi0ZG1xD5t9dPE6Aiz8YCEG-wapEdb2JW-sGg58AIs4Ax-cYcf-tX1qqbqz2Sxfr2iz9J2jvSb_bd70fW6mWAsCN5Ijy-1ue5XFNtUmosazUktWJ2h6sGq7-gn7qd175K5I4kSNG8FcztiLp1tbcOqTqJUx74X2AyxtLr7zTzzHdsgfHawQujIreAMIbj8uWWo_30MOSfN2iCgc202Ocm3NWLwSnIUUtrXyezrSImpMxzG1M7qzfLXYzAO43bXXyKd74NS9OX44f3Ke0Z9iq1il8t7N4GVSCVsxilufMM9GSyRi1T5vY0FR3e14QVXdQc5dkTSxBfnAXuuo9-8Tf0WXkscGxNxUBrJhuPBBr5kWoENZ → 204 (211ms, ?B)
